<?xml version="1.0" encoding="UTF-8"?>
<!-- Generated by org.testng.reporters.JUnitReportReporter -->
<testsuite hostname="DESKTOP-GFNBTHN" failures="0" tests="2" name="qaclickacademy.Mavenjava.AppiumTest" time="0.000" errors="0" timestamp="2020-12-17T15:24:10 EST" skipped="0">
  <testcase classname="qaclickacademy.Mavenjava.AppiumTest" name="IOSApps" time="0.000"/>
  <system-out/>
  <testcase classname="qaclickacademy.Mavenjava.AppiumTest" name="NativeAppAndroid" time="0.000"/>
  <system-out/>
</testsuite> <!-- qaclickacademy.Mavenjava.AppiumTest -->
